<?xml version="1.0" encoding="UTF-8"?>
<!-- Generated by org.testng.reporters.JUnitReportReporter -->
<testsuite hostname="DESKTOP-KBFMQK6" failures="0" tests="6" name="testNGframework.YourLogoForTestNG" time="91.611" errors="0" timestamp="2021-05-04T08:40:07 IST" skipped="0">
  <testcase classname="testNGframework.YourLogoForTestNG" name="pageload" time="27.798"/>
  <system-out/>
  <testcase classname="testNGframework.YourLogoForTestNG" name="registration" time="17.861"/>
  <system-out/>
  <testcase classname="testNGframework.YourLogoForTestNG" name="personInformation" time="34.234"/>
  <system-out/>
  <testcase classname="testNGframework.YourLogoForTestNG" name="information" time="5.994"/>
  <system-out/>
  <testcase classname="testNGframework.YourLogoForTestNG" name="signout" time="3.460"/>
  <system-out/>
  <testcase classname="testNGframework.YourLogoForTestNG" name="signin" time="2.264"/>
  <system-out/>
</testsuite> <!-- testNGframework.YourLogoForTestNG -->
