<?xml version="1.0" encoding="UTF-8"?>
<!-- Generated by org.testng.reporters.JUnitReportReporter -->
<testsuite hostname="DESKTOP-KBFMQK6" failures="0" tests="2" name="testNGframework.SwagLab" time="12.688" errors="0" timestamp="2021-05-14T21:29:56 IST" skipped="0">
  <testcase classname="testNGframework.SwagLab" name="c_agilsysFirstlink" time="9.601"/>
  <system-out/>
  <testcase classname="testNGframework.SwagLab" name="b_agilsys" time="3.087"/>
  <system-out/>
</testsuite> <!-- testNGframework.SwagLab -->
