<?xml version="1.0" encoding="UTF-8"?>
<!-- Generated by org.testng.reporters.JUnitReportReporter -->
<testsuite hostname="DESKTOP-KBFMQK6" failures="0" tests="2" name="seleniumAutomation.DragandDrop" time="17.390" errors="0" timestamp="2021-05-02T17:46:45 IST" skipped="0">
  <testcase classname="seleniumAutomation.DragandDrop" name="a_BrowserLaunch" time="17.086"/>
  <system-out/>
  <testcase classname="seleniumAutomation.DragandDrop" name="b_DragandDrop" time="0.304"/>
  <system-out/>
</testsuite> <!-- seleniumAutomation.DragandDrop -->
