<?xml version="1.0" encoding="UTF-8"?>
<!-- Generated by org.testng.reporters.JUnitReportReporter -->
<testsuite hostname="DESKTOP-KBFMQK6" failures="0" tests="4" name="testNGframework.VerificationCommands" time="40.137" errors="0" timestamp="2021-05-05T09:29:16 IST" skipped="0">
  <testcase classname="testNGframework.VerificationCommands" name="b_roundTrip" time="0.953"/>
  <system-out/>
  <testcase classname="testNGframework.VerificationCommands" name="d_text" time="0.343"/>
  <system-out/>
  <testcase classname="testNGframework.VerificationCommands" name="a_openBrowser" time="38.607"/>
  <system-out/>
  <testcase classname="testNGframework.VerificationCommands" name="c_checkBox" time="0.234"/>
  <system-out/>
</testsuite> <!-- testNGframework.VerificationCommands -->
