<?xml version="1.0" encoding="UTF-8"?>
<!-- Generated by org.testng.reporters.JUnitReportReporter -->
<testsuite hostname="DESKTOP-KBFMQK6" failures="0" tests="5" name="testNGframework.MethodDependancy$TestNGDisablingScrpit" time="0.013" errors="0" timestamp="2021-04-30T09:43:49 IST" skipped="0">
  <testcase classname="testNGframework.MethodDependancy$TestNGDisablingScrpit" name="f4" time="0.001"/>
  <system-out/>
  <testcase classname="testNGframework.MethodDependancy$TestNGDisablingScrpit" name="f1" time="0.007"/>
  <system-out/>
  <testcase classname="testNGframework.MethodDependancy$TestNGDisablingScrpit" name="f2" time="0.001"/>
  <system-out/>
  <testcase classname="testNGframework.MethodDependancy$TestNGDisablingScrpit" name="f3" time="0.002"/>
  <system-out/>
  <testcase classname="testNGframework.MethodDependancy$TestNGDisablingScrpit" name="f5" time="0.002"/>
  <system-out/>
</testsuite> <!-- testNGframework.MethodDependancy$TestNGDisablingScrpit -->
