<?xml version="1.0" encoding="UTF-8"?>
<!-- Generated by org.testng.reporters.JUnitReportReporter -->
<testsuite hostname="DESKTOP-KBFMQK6" failures="0" tests="1" name="testNGframework.NavigationCommands" time="38.552" errors="0" timestamp="2021-05-05T08:24:37 IST" skipped="0">
  <testcase classname="testNGframework.NavigationCommands" name="a_openBrowser" time="38.552"/>
  <system-out/>
</testsuite> <!-- testNGframework.NavigationCommands -->
