<?xml version="1.0" encoding="UTF-8"?>
<!-- Generated by org.testng.reporters.JUnitReportReporter -->
<testsuite hostname="DESKTOP-KBFMQK6" failures="0" tests="5" name="testNGframework.TestNGExperiments" time="0.012" errors="0" timestamp="2021-04-30T09:25:26 IST" skipped="1">
  <testcase classname="testNGframework.TestNGExperiments" name="f2" time="0.001"/>
  <system-out/>
  <testcase classname="testNGframework.TestNGExperiments" name="f1" time="0.008"/>
  <system-out/>
  <testcase classname="testNGframework.TestNGExperiments" name="f4" time="0.001"/>
  <system-out/>
  <testcase classname="testNGframework.TestNGExperiments" name="f5" time="0.002"/>
  <system-out/>
  <testcase classname="testNGframework.TestNGExperiments" name="f3">
    <skipped/>
  </testcase> <!-- f3 -->
  <system-out/>
</testsuite> <!-- testNGframework.TestNGExperiments -->
