<?xml version="1.0" encoding="UTF-8"?>
<!-- Generated by org.testng.reporters.JUnitReportReporter -->
<testsuite hostname="DESKTOP-KBFMQK6" failures="0" tests="3" name="testNGframework.Grouping" time="0.010" errors="0" timestamp="2021-05-04T09:32:59 IST" skipped="0">
  <testcase classname="testNGframework.Grouping" name="f1" time="0.008"/>
  <system-out/>
  <testcase classname="testNGframework.Grouping" name="f5" time="0.001"/>
  <system-out/>
  <testcase classname="testNGframework.Grouping" name="f3" time="0.001"/>
  <system-out/>
</testsuite> <!-- testNGframework.Grouping -->
